app/build/intermediates/manifest_merge_blame_file/debug/processDebugMainManifest/manifest-merger-blame-debug-report.txt
1<?xml version="1.0" encoding="utf-8"?>
2<manifest xmlns:android="http://schemas.android.com/apk/res/android"
3    package="com.example.bsu_contest"
4    android:versionCode="1"
5    android:versionName="1.0" >
6
7    <uses-sdk
8        android:minSdkVersion="24"
9        android:targetSdkVersion="34" />
10
11    <uses-permission android:name="android.permission.INTERNET" />
11-->src\main\AndroidManifest.xml:5:5-66
11-->src\main\AndroidManifest.xml:5:22-64
12    <uses-permission android:name="android.permission.ACCESS_FINE_LOCATION" />
12-->src\main\AndroidManifest.xml:6:5-78
12-->src\main\AndroidManifest.xml:6:22-76
13    <uses-permission android:name="android.permission.ACCESS_COARSE_LOCATION" />
13-->src\main\AndroidManifest.xml:7:5-80
13-->src\main\AndroidManifest.xml:7:22-78
14    <uses-permission android:name="android.permission.ACCESS_NETWORK_STATE" />
14-->[com.yandex.android:maps.mobile:4.6.1-lite] AndroidManifest.xml:13:5-79
14-->[com.yandex.android:maps.mobile:4.6.1-lite] AndroidManifest.xml:13:22-76
15    <uses-permission android:name="android.permission.ACCESS_WIFI_STATE" />
15-->[com.yandex.android:maps.mobile:4.6.1-lite] AndroidManifest.xml:15:5-76
15-->[com.yandex.android:maps.mobile:4.6.1-lite] AndroidManifest.xml:15:22-73
16    <uses-permission android:name="android.permission.CHANGE_WIFI_STATE" />
16-->[com.yandex.android:maps.mobile:4.6.1-lite] AndroidManifest.xml:16:5-76
16-->[com.yandex.android:maps.mobile:4.6.1-lite] AndroidManifest.xml:16:22-73
17    <uses-permission android:name="android.permission.WAKE_LOCK" />
17-->[com.yandex.android:maps.mobile:4.6.1-lite] AndroidManifest.xml:21:5-68
17-->[com.yandex.android:maps.mobile:4.6.1-lite] AndroidManifest.xml:21:22-65
18    <uses-permission android:name="android.permission.RECEIVE_BOOT_COMPLETED" />
18-->[com.yandex.android:maps.mobile:4.6.1-lite] AndroidManifest.xml:22:5-81
18-->[com.yandex.android:maps.mobile:4.6.1-lite] AndroidManifest.xml:22:22-78
19    <uses-permission android:name="android.permission.FOREGROUND_SERVICE" />
19-->[androidx.work:work-runtime:2.8.1] AndroidManifest.xml:26:5-77
19-->[androidx.work:work-runtime:2.8.1] AndroidManifest.xml:26:22-74
20
21    <permission
21-->[androidx.core:core:1.13.0] AndroidManifest.xml:22:5-24:47
22        android:name="com.example.bsu_contest.DYNAMIC_RECEIVER_NOT_EXPORTED_PERMISSION"
22-->[androidx.core:core:1.13.0] AndroidManifest.xml:23:9-81
23        android:protectionLevel="signature" />
23-->[androidx.core:core:1.13.0] AndroidManifest.xml:24:9-44
24
25    <uses-permission android:name="com.example.bsu_contest.DYNAMIC_RECEIVER_NOT_EXPORTED_PERMISSION" />
25-->[androidx.core:core:1.13.0] AndroidManifest.xml:26:5-97
25-->[androidx.core:core:1.13.0] AndroidManifest.xml:26:22-94
26
27    <application
27-->src\main\AndroidManifest.xml:9:5-60:19
28        android:allowBackup="true"
28-->src\main\AndroidManifest.xml:10:9-35
29        android:appComponentFactory="androidx.core.app.CoreComponentFactory"
29-->[androidx.core:core:1.13.0] AndroidManifest.xml:28:18-86
30        android:dataExtractionRules="@xml/data_extraction_rules"
30-->src\main\AndroidManifest.xml:11:9-65
31        android:debuggable="true"
32        android:extractNativeLibs="false"
33        android:fullBackupContent="@xml/backup_rules"
33-->src\main\AndroidManifest.xml:12:9-54
34        android:icon="@mipmap/ic_launcher"
34-->src\main\AndroidManifest.xml:13:9-43
35        android:label="@string/app_name"
35-->src\main\AndroidManifest.xml:14:9-41
36        android:roundIcon="@mipmap/ic_launcher_round"
36-->src\main\AndroidManifest.xml:15:9-54
37        android:supportsRtl="true"
37-->src\main\AndroidManifest.xml:16:9-35
38        android:testOnly="true"
39        android:theme="@style/Theme.BSU_Contest" >
39-->src\main\AndroidManifest.xml:17:9-49
40        <activity
40-->src\main\AndroidManifest.xml:19:9-29:20
41            android:name="com.example.bsu_contest.MainActivity"
41-->src\main\AndroidManifest.xml:20:13-41
42            android:exported="true"
42-->src\main\AndroidManifest.xml:21:13-36
43            android:label="@string/title_activity_main"
43-->src\main\AndroidManifest.xml:22:13-56
44            android:theme="@style/Theme.BSU_Contest" >
44-->src\main\AndroidManifest.xml:23:13-53
45            <intent-filter>
45-->src\main\AndroidManifest.xml:24:13-28:29
46                <action android:name="android.intent.action.MAIN" />
46-->src\main\AndroidManifest.xml:25:17-69
46-->src\main\AndroidManifest.xml:25:25-66
47
48                <category android:name="android.intent.category.LAUNCHER" />
48-->src\main\AndroidManifest.xml:27:17-77
48-->src\main\AndroidManifest.xml:27:27-74
49            </intent-filter>
50        </activity>
51        <activity
51-->src\main\AndroidManifest.xml:30:9-34:20
52            android:name="com.example.bsu_contest.ReportActivity"
52-->src\main\AndroidManifest.xml:31:13-43
53            android:exported="true"
53-->src\main\AndroidManifest.xml:32:13-36
54            android:theme="@style/Theme.BSU_Contest" >
54-->src\main\AndroidManifest.xml:33:13-53
55        </activity>
56        <activity
56-->src\main\AndroidManifest.xml:35:9-39:20
57            android:name="com.example.bsu_contest.ReportMapActivity"
57-->src\main\AndroidManifest.xml:36:13-46
58            android:exported="true"
58-->src\main\AndroidManifest.xml:37:13-36
59            android:theme="@style/Theme.BSU_Contest" >
59-->src\main\AndroidManifest.xml:38:13-53
60        </activity>
61        <activity
61-->src\main\AndroidManifest.xml:40:9-44:20
62            android:name="com.example.bsu_contest.LoginActivity"
62-->src\main\AndroidManifest.xml:41:13-42
63            android:exported="true"
63-->src\main\AndroidManifest.xml:42:13-36
64            android:theme="@style/Theme.BSU_Contest" >
64-->src\main\AndroidManifest.xml:43:13-53
65        </activity>
66        <activity
66-->src\main\AndroidManifest.xml:45:9-49:20
67            android:name="com.example.bsu_contest.LKActivity"
67-->src\main\AndroidManifest.xml:46:13-39
68            android:exported="true"
68-->src\main\AndroidManifest.xml:47:13-36
69            android:theme="@style/Theme.BSU_Contest" >
69-->src\main\AndroidManifest.xml:48:13-53
70        </activity>
71        <activity
71-->src\main\AndroidManifest.xml:50:9-54:20
72            android:name="com.example.bsu_contest.UserCommentsActivity"
72-->src\main\AndroidManifest.xml:51:13-49
73            android:exported="true"
73-->src\main\AndroidManifest.xml:52:13-36
74            android:theme="@style/Theme.BSU_Contest" >
74-->src\main\AndroidManifest.xml:53:13-53
75        </activity>
76        <activity
76-->src\main\AndroidManifest.xml:55:9-59:20
77            android:name="com.example.bsu_contest.UserReportsActivity"
77-->src\main\AndroidManifest.xml:56:13-48
78            android:exported="true"
78-->src\main\AndroidManifest.xml:57:13-36
79            android:theme="@style/Theme.BSU_Contest" >
79-->src\main\AndroidManifest.xml:58:13-53
80        </activity>
81        <activity
81-->[androidx.compose.ui:ui-test-manifest:1.7.0-alpha02] AndroidManifest.xml:23:9-25:39
82            android:name="androidx.activity.ComponentActivity"
82-->[androidx.compose.ui:ui-test-manifest:1.7.0-alpha02] AndroidManifest.xml:24:13-63
83            android:exported="true" />
83-->[androidx.compose.ui:ui-test-manifest:1.7.0-alpha02] AndroidManifest.xml:25:13-36
84        <activity
84-->[androidx.compose.ui:ui-tooling-android:1.7.0-alpha02] AndroidManifest.xml:23:9-25:39
85            android:name="androidx.compose.ui.tooling.PreviewActivity"
85-->[androidx.compose.ui:ui-tooling-android:1.7.0-alpha02] AndroidManifest.xml:24:13-71
86            android:exported="true" />
86-->[androidx.compose.ui:ui-tooling-android:1.7.0-alpha02] AndroidManifest.xml:25:13-36
87
88        <meta-data
88-->[com.yandex.android:maps.mobile:4.6.1-lite] AndroidManifest.xml:25:9-27:38
89            android:name="yandex.maps.runtime.stl.linkage"
89-->[com.yandex.android:maps.mobile:4.6.1-lite] AndroidManifest.xml:26:13-59
90            android:value="static" />
90-->[com.yandex.android:maps.mobile:4.6.1-lite] AndroidManifest.xml:27:13-35
91
92        <service
92-->[com.yandex.android:maps.mobile:4.6.1-lite] AndroidManifest.xml:29:9-32:72
93            android:name="com.yandex.runtime.connectivity.internal.ConnectivityService"
93-->[com.yandex.android:maps.mobile:4.6.1-lite] AndroidManifest.xml:30:13-88
94            android:exported="true"
94-->[com.yandex.android:maps.mobile:4.6.1-lite] AndroidManifest.xml:31:13-36
95            android:permission="android.permission.BIND_JOB_SERVICE" />
95-->[com.yandex.android:maps.mobile:4.6.1-lite] AndroidManifest.xml:32:13-69
96
97        <activity
97-->[com.google.android.gms:play-services-base:18.1.0] AndroidManifest.xml:20:9-22:45
98            android:name="com.google.android.gms.common.api.GoogleApiActivity"
98-->[com.google.android.gms:play-services-base:18.1.0] AndroidManifest.xml:20:19-85
99            android:exported="false"
99-->[com.google.android.gms:play-services-base:18.1.0] AndroidManifest.xml:22:19-43
100            android:theme="@android:style/Theme.Translucent.NoTitleBar" />
100-->[com.google.android.gms:play-services-base:18.1.0] AndroidManifest.xml:21:19-78
101
102        <meta-data
102-->[com.google.android.gms:play-services-basement:18.1.0] AndroidManifest.xml:21:9-23:69
103            android:name="com.google.android.gms.version"
103-->[com.google.android.gms:play-services-basement:18.1.0] AndroidManifest.xml:22:13-58
104            android:value="@integer/google_play_services_version" />
104-->[com.google.android.gms:play-services-basement:18.1.0] AndroidManifest.xml:23:13-66
105
106        <provider
106-->[androidx.work:work-runtime:2.8.1] AndroidManifest.xml:29:9-37:20
107            android:name="androidx.startup.InitializationProvider"
107-->[androidx.work:work-runtime:2.8.1] AndroidManifest.xml:30:13-67
108            android:authorities="com.example.bsu_contest.androidx-startup"
108-->[androidx.work:work-runtime:2.8.1] AndroidManifest.xml:31:13-68
109            android:exported="false" >
109-->[androidx.work:work-runtime:2.8.1] AndroidManifest.xml:32:13-37
110            <meta-data
110-->[androidx.work:work-runtime:2.8.1] AndroidManifest.xml:34:13-36:52
111                android:name="androidx.work.WorkManagerInitializer"
111-->[androidx.work:work-runtime:2.8.1] AndroidManifest.xml:35:17-68
112                android:value="androidx.startup" />
112-->[androidx.work:work-runtime:2.8.1] AndroidManifest.xml:36:17-49
113            <meta-data
113-->[androidx.emoji2:emoji2:1.3.0] AndroidManifest.xml:29:13-31:52
114                android:name="androidx.emoji2.text.EmojiCompatInitializer"
114-->[androidx.emoji2:emoji2:1.3.0] AndroidManifest.xml:30:17-75
115                android:value="androidx.startup" />
115-->[androidx.emoji2:emoji2:1.3.0] AndroidManifest.xml:31:17-49
116            <meta-data
116-->[androidx.lifecycle:lifecycle-process:2.7.0] AndroidManifest.xml:29:13-31:52
117                android:name="androidx.lifecycle.ProcessLifecycleInitializer"
117-->[androidx.lifecycle:lifecycle-process:2.7.0] AndroidManifest.xml:30:17-78
118                android:value="androidx.startup" />
118-->[androidx.lifecycle:lifecycle-process:2.7.0] AndroidManifest.xml:31:17-49
119            <meta-data
119-->[androidx.profileinstaller:profileinstaller:1.3.1] AndroidManifest.xml:29:13-31:52
120                android:name="androidx.profileinstaller.ProfileInstallerInitializer"
120-->[androidx.profileinstaller:profileinstaller:1.3.1] AndroidManifest.xml:30:17-85
121                android:value="androidx.startup" />
121-->[androidx.profileinstaller:profileinstaller:1.3.1] AndroidManifest.xml:31:17-49
122        </provider>
123
124        <service
124-->[androidx.work:work-runtime:2.8.1] AndroidManifest.xml:39:9-45:35
125            android:name="androidx.work.impl.background.systemalarm.SystemAlarmService"
125-->[androidx.work:work-runtime:2.8.1] AndroidManifest.xml:40:13-88
126            android:directBootAware="false"
126-->[androidx.work:work-runtime:2.8.1] AndroidManifest.xml:41:13-44
127            android:enabled="@bool/enable_system_alarm_service_default"
127-->[androidx.work:work-runtime:2.8.1] AndroidManifest.xml:42:13-72
128            android:exported="false" />
128-->[androidx.work:work-runtime:2.8.1] AndroidManifest.xml:43:13-37
129        <service
129-->[androidx.work:work-runtime:2.8.1] AndroidManifest.xml:46:9-52:35
130            android:name="androidx.work.impl.background.systemjob.SystemJobService"
130-->[androidx.work:work-runtime:2.8.1] AndroidManifest.xml:47:13-84
131            android:directBootAware="false"
131-->[androidx.work:work-runtime:2.8.1] AndroidManifest.xml:48:13-44
132            android:enabled="@bool/enable_system_job_service_default"
132-->[androidx.work:work-runtime:2.8.1] AndroidManifest.xml:49:13-70
133            android:exported="true"
133-->[androidx.work:work-runtime:2.8.1] AndroidManifest.xml:50:13-36
134            android:permission="android.permission.BIND_JOB_SERVICE" />
134-->[androidx.work:work-runtime:2.8.1] AndroidManifest.xml:51:13-69
135        <service
135-->[androidx.work:work-runtime:2.8.1] AndroidManifest.xml:53:9-59:35
136            android:name="androidx.work.impl.foreground.SystemForegroundService"
136-->[androidx.work:work-runtime:2.8.1] AndroidManifest.xml:54:13-81
137            android:directBootAware="false"
137-->[androidx.work:work-runtime:2.8.1] AndroidManifest.xml:55:13-44
138            android:enabled="@bool/enable_system_foreground_service_default"
138-->[androidx.work:work-runtime:2.8.1] AndroidManifest.xml:56:13-77
139            android:exported="false" />
139-->[androidx.work:work-runtime:2.8.1] AndroidManifest.xml:57:13-37
140
141        <receiver
141-->[androidx.work:work-runtime:2.8.1] AndroidManifest.xml:61:9-66:35
142            android:name="androidx.work.impl.utils.ForceStopRunnable$BroadcastReceiver"
142-->[androidx.work:work-runtime:2.8.1] AndroidManifest.xml:62:13-88
143            android:directBootAware="false"
143-->[androidx.work:work-runtime:2.8.1] AndroidManifest.xml:63:13-44
144            android:enabled="true"
144-->[androidx.work:work-runtime:2.8.1] AndroidManifest.xml:64:13-35
145            android:exported="false" />
145-->[androidx.work:work-runtime:2.8.1] AndroidManifest.xml:65:13-37
146        <receiver
146-->[androidx.work:work-runtime:2.8.1] AndroidManifest.xml:67:9-77:20
147            android:name="androidx.work.impl.background.systemalarm.ConstraintProxy$BatteryChargingProxy"
147-->[androidx.work:work-runtime:2.8.1] AndroidManifest.xml:68:13-106
148            android:directBootAware="false"
148-->[androidx.work:work-runtime:2.8.1] AndroidManifest.xml:69:13-44
149            android:enabled="false"
149-->[androidx.work:work-runtime:2.8.1] AndroidManifest.xml:70:13-36
150            android:exported="false" >
150-->[androidx.work:work-runtime:2.8.1] AndroidManifest.xml:71:13-37
151            <intent-filter>
151-->[androidx.work:work-runtime:2.8.1] AndroidManifest.xml:73:13-76:29
152                <action android:name="android.intent.action.ACTION_POWER_CONNECTED" />
152-->[androidx.work:work-runtime:2.8.1] AndroidManifest.xml:74:17-87
152-->[androidx.work:work-runtime:2.8.1] AndroidManifest.xml:74:25-84
153                <action android:name="android.intent.action.ACTION_POWER_DISCONNECTED" />
153-->[androidx.work:work-runtime:2.8.1] AndroidManifest.xml:75:17-90
153-->[androidx.work:work-runtime:2.8.1] AndroidManifest.xml:75:25-87
154            </intent-filter>
155        </receiver>
156        <receiver
156-->[androidx.work:work-runtime:2.8.1] AndroidManifest.xml:78:9-88:20
157            android:name="androidx.work.impl.background.systemalarm.ConstraintProxy$BatteryNotLowProxy"
157-->[androidx.work:work-runtime:2.8.1] AndroidManifest.xml:79:13-104
158            android:directBootAware="false"
158-->[androidx.work:work-runtime:2.8.1] AndroidManifest.xml:80:13-44
159            android:enabled="false"
159-->[androidx.work:work-runtime:2.8.1] AndroidManifest.xml:81:13-36
160            android:exported="false" >
160-->[androidx.work:work-runtime:2.8.1] AndroidManifest.xml:82:13-37
161            <intent-filter>
161-->[androidx.work:work-runtime:2.8.1] AndroidManifest.xml:84:13-87:29
162                <action android:name="android.intent.action.BATTERY_OKAY" />
162-->[androidx.work:work-runtime:2.8.1] AndroidManifest.xml:85:17-77
162-->[androidx.work:work-runtime:2.8.1] AndroidManifest.xml:85:25-74
163                <action android:name="android.intent.action.BATTERY_LOW" />
163-->[androidx.work:work-runtime:2.8.1] AndroidManifest.xml:86:17-76
163-->[androidx.work:work-runtime:2.8.1] AndroidManifest.xml:86:25-73
164            </intent-filter>
165        </receiver>
166        <receiver
166-->[androidx.work:work-runtime:2.8.1] AndroidManifest.xml:89:9-99:20
167            android:name="androidx.work.impl.background.systemalarm.ConstraintProxy$StorageNotLowProxy"
167-->[androidx.work:work-runtime:2.8.1] AndroidManifest.xml:90:13-104
168            android:directBootAware="false"
168-->[androidx.work:work-runtime:2.8.1] AndroidManifest.xml:91:13-44
169            android:enabled="false"
169-->[androidx.work:work-runtime:2.8.1] AndroidManifest.xml:92:13-36
170            android:exported="false" >
170-->[androidx.work:work-runtime:2.8.1] AndroidManifest.xml:93:13-37
171            <intent-filter>
171-->[androidx.work:work-runtime:2.8.1] AndroidManifest.xml:95:13-98:29
172                <action android:name="android.intent.action.DEVICE_STORAGE_LOW" />
172-->[androidx.work:work-runtime:2.8.1] AndroidManifest.xml:96:17-83
172-->[androidx.work:work-runtime:2.8.1] AndroidManifest.xml:96:25-80
173                <action android:name="android.intent.action.DEVICE_STORAGE_OK" />
173-->[androidx.work:work-runtime:2.8.1] AndroidManifest.xml:97:17-82
173-->[androidx.work:work-runtime:2.8.1] AndroidManifest.xml:97:25-79
174            </intent-filter>
175        </receiver>
176        <receiver
176-->[androidx.work:work-runtime:2.8.1] AndroidManifest.xml:100:9-109:20
177            android:name="androidx.work.impl.background.systemalarm.ConstraintProxy$NetworkStateProxy"
177-->[androidx.work:work-runtime:2.8.1] AndroidManifest.xml:101:13-103
178            android:directBootAware="false"
178-->[androidx.work:work-runtime:2.8.1] AndroidManifest.xml:102:13-44
179            android:enabled="false"
179-->[androidx.work:work-runtime:2.8.1] AndroidManifest.xml:103:13-36
180            android:exported="false" >
180-->[androidx.work:work-runtime:2.8.1] AndroidManifest.xml:104:13-37
181            <intent-filter>
181-->[androidx.work:work-runtime:2.8.1] AndroidManifest.xml:106:13-108:29
182                <action android:name="android.net.conn.CONNECTIVITY_CHANGE" />
182-->[androidx.work:work-runtime:2.8.1] AndroidManifest.xml:107:17-79
182-->[androidx.work:work-runtime:2.8.1] AndroidManifest.xml:107:25-76
183            </intent-filter>
184        </receiver>
185        <receiver
185-->[androidx.work:work-runtime:2.8.1] AndroidManifest.xml:110:9-121:20
186            android:name="androidx.work.impl.background.systemalarm.RescheduleReceiver"
186-->[androidx.work:work-runtime:2.8.1] AndroidManifest.xml:111:13-88
187            android:directBootAware="false"
187-->[androidx.work:work-runtime:2.8.1] AndroidManifest.xml:112:13-44
188            android:enabled="false"
188-->[androidx.work:work-runtime:2.8.1] AndroidManifest.xml:113:13-36
189            android:exported="false" >
189-->[androidx.work:work-runtime:2.8.1] AndroidManifest.xml:114:13-37
190            <intent-filter>
190-->[androidx.work:work-runtime:2.8.1] AndroidManifest.xml:116:13-120:29
191                <action android:name="android.intent.action.BOOT_COMPLETED" />
191-->[androidx.work:work-runtime:2.8.1] AndroidManifest.xml:117:17-79
191-->[androidx.work:work-runtime:2.8.1] AndroidManifest.xml:117:25-76
192                <action android:name="android.intent.action.TIME_SET" />
192-->[androidx.work:work-runtime:2.8.1] AndroidManifest.xml:118:17-73
192-->[androidx.work:work-runtime:2.8.1] AndroidManifest.xml:118:25-70
193                <action android:name="android.intent.action.TIMEZONE_CHANGED" />
193-->[androidx.work:work-runtime:2.8.1] AndroidManifest.xml:119:17-81
193-->[androidx.work:work-runtime:2.8.1] AndroidManifest.xml:119:25-78
194            </intent-filter>
195        </receiver>
196        <receiver
196-->[androidx.work:work-runtime:2.8.1] AndroidManifest.xml:122:9-131:20
197            android:name="androidx.work.impl.background.systemalarm.ConstraintProxyUpdateReceiver"
197-->[androidx.work:work-runtime:2.8.1] AndroidManifest.xml:123:13-99
198            android:directBootAware="false"
198-->[androidx.work:work-runtime:2.8.1] AndroidManifest.xml:124:13-44
199            android:enabled="@bool/enable_system_alarm_service_default"
199-->[androidx.work:work-runtime:2.8.1] AndroidManifest.xml:125:13-72
200            android:exported="false" >
200-->[androidx.work:work-runtime:2.8.1] AndroidManifest.xml:126:13-37
201            <intent-filter>
201-->[androidx.work:work-runtime:2.8.1] AndroidManifest.xml:128:13-130:29
202                <action android:name="androidx.work.impl.background.systemalarm.UpdateProxies" />
202-->[androidx.work:work-runtime:2.8.1] AndroidManifest.xml:129:17-98
202-->[androidx.work:work-runtime:2.8.1] AndroidManifest.xml:129:25-95
203            </intent-filter>
204        </receiver>
205        <receiver
205-->[androidx.work:work-runtime:2.8.1] AndroidManifest.xml:132:9-142:20
206            android:name="androidx.work.impl.diagnostics.DiagnosticsReceiver"
206-->[androidx.work:work-runtime:2.8.1] AndroidManifest.xml:133:13-78
207            android:directBootAware="false"
207-->[androidx.work:work-runtime:2.8.1] AndroidManifest.xml:134:13-44
208            android:enabled="true"
208-->[androidx.work:work-runtime:2.8.1] AndroidManifest.xml:135:13-35
209            android:exported="true"
209-->[androidx.work:work-runtime:2.8.1] AndroidManifest.xml:136:13-36
210            android:permission="android.permission.DUMP" >
210-->[androidx.work:work-runtime:2.8.1] AndroidManifest.xml:137:13-57
211            <intent-filter>
211-->[androidx.work:work-runtime:2.8.1] AndroidManifest.xml:139:13-141:29
212                <action android:name="androidx.work.diagnostics.REQUEST_DIAGNOSTICS" />
212-->[androidx.work:work-runtime:2.8.1] AndroidManifest.xml:140:17-88
212-->[androidx.work:work-runtime:2.8.1] AndroidManifest.xml:140:25-85
213            </intent-filter>
214        </receiver>
215
216        <service
216-->[androidx.room:room-runtime:2.5.0] AndroidManifest.xml:24:9-28:63
217            android:name="androidx.room.MultiInstanceInvalidationService"
217-->[androidx.room:room-runtime:2.5.0] AndroidManifest.xml:25:13-74
218            android:directBootAware="true"
218-->[androidx.room:room-runtime:2.5.0] AndroidManifest.xml:26:13-43
219            android:exported="false" />
219-->[androidx.room:room-runtime:2.5.0] AndroidManifest.xml:27:13-37
220
221        <receiver
221-->[androidx.profileinstaller:profileinstaller:1.3.1] AndroidManifest.xml:34:9-52:20
222            android:name="androidx.profileinstaller.ProfileInstallReceiver"
222-->[androidx.profileinstaller:profileinstaller:1.3.1] AndroidManifest.xml:35:13-76
223            android:directBootAware="false"
223-->[androidx.profileinstaller:profileinstaller:1.3.1] AndroidManifest.xml:36:13-44
224            android:enabled="true"
224-->[androidx.profileinstaller:profileinstaller:1.3.1] AndroidManifest.xml:37:13-35
225            android:exported="true"
225-->[androidx.profileinstaller:profileinstaller:1.3.1] AndroidManifest.xml:38:13-36
226            android:permission="android.permission.DUMP" >
226-->[androidx.profileinstaller:profileinstaller:1.3.1] AndroidManifest.xml:39:13-57
227            <intent-filter>
227-->[androidx.profileinstaller:profileinstaller:1.3.1] AndroidManifest.xml:40:13-42:29
228                <action android:name="androidx.profileinstaller.action.INSTALL_PROFILE" />
228-->[androidx.profileinstaller:profileinstaller:1.3.1] AndroidManifest.xml:41:17-91
228-->[androidx.profileinstaller:profileinstaller:1.3.1] AndroidManifest.xml:41:25-88
229            </intent-filter>
230            <intent-filter>
230-->[androidx.profileinstaller:profileinstaller:1.3.1] AndroidManifest.xml:43:13-45:29
231                <action android:name="androidx.profileinstaller.action.SKIP_FILE" />
231-->[androidx.profileinstaller:profileinstaller:1.3.1] AndroidManifest.xml:44:17-85
231-->[androidx.profileinstaller:profileinstaller:1.3.1] AndroidManifest.xml:44:25-82
232            </intent-filter>
233            <intent-filter>
233-->[androidx.profileinstaller:profileinstaller:1.3.1] AndroidManifest.xml:46:13-48:29
234                <action android:name="androidx.profileinstaller.action.SAVE_PROFILE" />
234-->[androidx.profileinstaller:profileinstaller:1.3.1] AndroidManifest.xml:47:17-88
234-->[androidx.profileinstaller:profileinstaller:1.3.1] AndroidManifest.xml:47:25-85
235            </intent-filter>
236            <intent-filter>
236-->[androidx.profileinstaller:profileinstaller:1.3.1] AndroidManifest.xml:49:13-51:29
237                <action android:name="androidx.profileinstaller.action.BENCHMARK_OPERATION" />
237-->[androidx.profileinstaller:profileinstaller:1.3.1] AndroidManifest.xml:50:17-95
237-->[androidx.profileinstaller:profileinstaller:1.3.1] AndroidManifest.xml:50:25-92
238            </intent-filter>
239        </receiver>
240    </application>
241
242</manifest>